<?xml version="1.0" encoding="UTF-8"?>
<!-- Generated by org.testng.reporters.JUnitReportReporter -->
<testsuite hostname="CCILT231" name="com.ciphercloud.qa.test.ABVTSmokeTest" tests="1" failures="0" timestamp="19 Feb 2015 09:50:27 GMT" time="45.013" errors="0">
  <testcase name="testDefaultPolicyCreation" time="45.013" classname="com.ciphercloud.qa.test.ABVTSmokeTest"/>
</testsuite> <!-- com.ciphercloud.qa.test.ABVTSmokeTest -->
