<?xml version="1.0" encoding="UTF-8"?>
<!-- Generated by org.testng.reporters.JUnitReportReporter -->
<testsuite hostname="CCILT231" name="com.ciphercloud.qa.test.BoxTest" tests="1" failures="0" timestamp="26 Mar 2015 10:14:55 GMT" time="57.749" errors="0">
  <testcase name="testDefaultPolicyCreation" time="57.749" classname="com.ciphercloud.qa.test.BoxTest"/>
</testsuite> <!-- com.ciphercloud.qa.test.BoxTest -->
